{"/Users/GQSM/Documents/Code/TodoList-With-React/src/actions/todolist.js": {"path":"/Users/GQSM/Documents/Code/TodoList-With-React/src/actions/todolist.js","statementMap":{"0":{"start":{"line":1,"column":35},"end":{"line":1,"column":56}},"1":{"start":{"line":3,"column":33},"end":{"line":8,"column":2}},"2":{"start":{"line":3,"column":49},"end":{"line":8,"column":1}},"3":{"start":{"line":10,"column":28},"end":{"line":10,"column":42}},"4":{"start":{"line":12,"column":27},"end":{"line":19,"column":2}},"5":{"start":{"line":12,"column":40},"end":{"line":19,"column":1}},"6":{"start":{"line":21,"column":31},"end":{"line":21,"column":48}},"7":{"start":{"line":23,"column":30},"end":{"line":30,"column":2}},"8":{"start":{"line":23,"column":43},"end":{"line":30,"column":1}},"9":{"start":{"line":32,"column":38},"end":{"line":32,"column":62}},"10":{"start":{"line":34,"column":36},"end":{"line":40,"column":2}},"11":{"start":{"line":34,"column":53},"end":{"line":40,"column":1}}},"fnMap":{"0":{"name":"(anonymous_0)","decl":{"start":{"line":3,"column":33},"end":{"line":3,"column":34}},"loc":{"start":{"line":3,"column":49},"end":{"line":8,"column":1}},"line":3},"1":{"name":"(anonymous_1)","decl":{"start":{"line":12,"column":27},"end":{"line":12,"column":28}},"loc":{"start":{"line":12,"column":40},"end":{"line":19,"column":1}},"line":12},"2":{"name":"(anonymous_2)","decl":{"start":{"line":23,"column":30},"end":{"line":23,"column":31}},"loc":{"start":{"line":23,"column":43},"end":{"line":30,"column":1}},"line":23},"3":{"name":"(anonymous_3)","decl":{"start":{"line":34,"column":36},"end":{"line":34,"column":37}},"loc":{"start":{"line":34,"column":53},"end":{"line":40,"column":1}},"line":34}},"branchMap":{},"s":{"0":7,"1":7,"2":6,"3":7,"4":7,"5":3,"6":7,"7":7,"8":2,"9":7,"10":7,"11":9},"f":{"0":6,"1":3,"2":2,"3":9},"b":{},"_coverageSchema":"43e27e138ebf9cfc5966b082cf9a028302ed4184","hash":"5cfebc81d47f4cdf2bd4b9102d1ce9fbb6cc122e"}
,"/Users/GQSM/Documents/Code/TodoList-With-React/src/component/Content/Content.js": {"path":"/Users/GQSM/Documents/Code/TodoList-With-React/src/component/Content/Content.js","statementMap":{"0":{"start":{"line":9,"column":16},"end":{"line":85,"column":1}},"1":{"start":{"line":10,"column":59},"end":{"line":10,"column":64}},"2":{"start":{"line":12,"column":27},"end":{"line":14,"column":3}},"3":{"start":{"line":13,"column":4},"end":{"line":13,"column":48}},"4":{"start":{"line":16,"column":18},"end":{"line":48,"column":3}},"5":{"start":{"line":18,"column":25},"end":{"line":20,"column":6}},"6":{"start":{"line":19,"column":6},"end":{"line":19,"column":20}},"7":{"start":{"line":22,"column":4},"end":{"line":22,"column":40}},"8":{"start":{"line":24,"column":27},"end":{"line":26,"column":6}},"9":{"start":{"line":25,"column":6},"end":{"line":25,"column":21}},"10":{"start":{"line":28,"column":4},"end":{"line":28,"column":42}},"11":{"start":{"line":31,"column":4},"end":{"line":45,"column":5}},"12":{"start":{"line":33,"column":8},"end":{"line":33,"column":30}},"13":{"start":{"line":34,"column":8},"end":{"line":34,"column":14}},"14":{"start":{"line":36,"column":8},"end":{"line":36,"column":32}},"15":{"start":{"line":37,"column":8},"end":{"line":37,"column":14}},"16":{"start":{"line":39,"column":8},"end":{"line":42,"column":10}},"17":{"start":{"line":43,"column":8},"end":{"line":43,"column":14}},"18":{"start":{"line":47,"column":4},"end":{"line":47,"column":18}},"19":{"start":{"line":50,"column":22},"end":{"line":61,"column":3}},"20":{"start":{"line":51,"column":20},"end":{"line":51,"column":46}},"21":{"start":{"line":52,"column":4},"end":{"line":60,"column":6}},"22":{"start":{"line":54,"column":8},"end":{"line":58,"column":10}},"23":{"start":{"line":63,"column":24},"end":{"line":72,"column":3}},"24":{"start":{"line":64,"column":16},"end":{"line":64,"column":17}},"25":{"start":{"line":65,"column":4},"end":{"line":69,"column":7}},"26":{"start":{"line":66,"column":6},"end":{"line":68,"column":7}},"27":{"start":{"line":67,"column":8},"end":{"line":67,"column":19}},"28":{"start":{"line":71,"column":4},"end":{"line":71,"column":17}},"29":{"start":{"line":74,"column":2},"end":{"line":84,"column":4}},"30":{"start":{"line":87,"column":0},"end":{"line":101,"column":2}},"31":{"start":{"line":103,"column":0},"end":{"line":117,"column":2}},"32":{"start":{"line":115,"column":32},"end":{"line":115,"column":76}},"33":{"start":{"line":119,"column":24},"end":{"line":122,"column":2}},"34":{"start":{"line":119,"column":34},"end":{"line":122,"column":1}},"35":{"start":{"line":125,"column":27},"end":{"line":127,"column":2}},"36":{"start":{"line":125,"column":40},"end":{"line":127,"column":1}},"37":{"start":{"line":126,"column":41},"end":{"line":126,"column":83}}},"fnMap":{"0":{"name":"(anonymous_0)","decl":{"start":{"line":9,"column":16},"end":{"line":9,"column":17}},"loc":{"start":{"line":9,"column":27},"end":{"line":85,"column":1}},"line":9},"1":{"name":"(anonymous_1)","decl":{"start":{"line":12,"column":27},"end":{"line":12,"column":28}},"loc":{"start":{"line":13,"column":4},"end":{"line":13,"column":48}},"line":13},"2":{"name":"(anonymous_2)","decl":{"start":{"line":16,"column":18},"end":{"line":16,"column":19}},"loc":{"start":{"line":16,"column":34},"end":{"line":48,"column":3}},"line":16},"3":{"name":"(anonymous_3)","decl":{"start":{"line":18,"column":37},"end":{"line":18,"column":38}},"loc":{"start":{"line":19,"column":6},"end":{"line":19,"column":20}},"line":19},"4":{"name":"(anonymous_4)","decl":{"start":{"line":24,"column":39},"end":{"line":24,"column":40}},"loc":{"start":{"line":25,"column":6},"end":{"line":25,"column":21}},"line":25},"5":{"name":"(anonymous_5)","decl":{"start":{"line":50,"column":22},"end":{"line":50,"column":23}},"loc":{"start":{"line":50,"column":32},"end":{"line":61,"column":3}},"line":50},"6":{"name":"(anonymous_6)","decl":{"start":{"line":53,"column":18},"end":{"line":53,"column":19}},"loc":{"start":{"line":54,"column":8},"end":{"line":58,"column":10}},"line":54},"7":{"name":"(anonymous_7)","decl":{"start":{"line":63,"column":24},"end":{"line":63,"column":25}},"loc":{"start":{"line":63,"column":34},"end":{"line":72,"column":3}},"line":63},"8":{"name":"(anonymous_8)","decl":{"start":{"line":65,"column":17},"end":{"line":65,"column":18}},"loc":{"start":{"line":65,"column":27},"end":{"line":69,"column":5}},"line":65},"9":{"name":"(anonymous_9)","decl":{"start":{"line":115,"column":24},"end":{"line":115,"column":25}},"loc":{"start":{"line":115,"column":30},"end":{"line":115,"column":78}},"line":115},"10":{"name":"(anonymous_10)","decl":{"start":{"line":119,"column":24},"end":{"line":119,"column":25}},"loc":{"start":{"line":119,"column":34},"end":{"line":122,"column":1}},"line":119},"11":{"name":"(anonymous_11)","decl":{"start":{"line":125,"column":27},"end":{"line":125,"column":28}},"loc":{"start":{"line":125,"column":40},"end":{"line":127,"column":1}},"line":125},"12":{"name":"(anonymous_12)","decl":{"start":{"line":126,"column":24},"end":{"line":126,"column":25}},"loc":{"start":{"line":126,"column":41},"end":{"line":126,"column":83}},"line":126}},"branchMap":{"0":{"loc":{"start":{"line":13,"column":4},"end":{"line":13,"column":48}},"type":"cond-expr","locations":[{"start":{"line":13,"column":42},"end":{"line":13,"column":43}},{"start":{"line":13,"column":46},"end":{"line":13,"column":48}}],"line":13},"1":{"loc":{"start":{"line":31,"column":4},"end":{"line":45,"column":5}},"type":"switch","locations":[{"start":{"line":32,"column":6},"end":{"line":34,"column":14}},{"start":{"line":35,"column":6},"end":{"line":37,"column":14}},{"start":{"line":38,"column":6},"end":{"line":43,"column":14}},{"start":{"line":44,"column":6},"end":{"line":44,"column":14}}],"line":31},"2":{"loc":{"start":{"line":66,"column":6},"end":{"line":68,"column":7}},"type":"if","locations":[{"start":{"line":66,"column":6},"end":{"line":68,"column":7}},{"start":{"line":66,"column":6},"end":{"line":68,"column":7}}],"line":66}},"s":{"0":2,"1":9,"2":9,"3":7,"4":9,"5":9,"6":22,"7":9,"8":9,"9":22,"10":9,"11":9,"12":1,"13":1,"14":1,"15":1,"16":7,"17":7,"18":9,"19":9,"20":9,"21":9,"22":19,"23":9,"24":9,"25":9,"26":22,"27":15,"28":9,"29":9,"30":2,"31":2,"32":0,"33":2,"34":1,"35":2,"36":1,"37":0},"f":{"0":9,"1":7,"2":9,"3":22,"4":22,"5":9,"6":19,"7":9,"8":22,"9":0,"10":1,"11":1,"12":0},"b":{"0":[0,7],"1":[1,1,7,0],"2":[15,7]},"_coverageSchema":"43e27e138ebf9cfc5966b082cf9a028302ed4184","hash":"e654b90bba7ed148f1ccd00babf8e217c885cb20"}
,"/Users/GQSM/Documents/Code/TodoList-With-React/src/component/Content/index.js": {"path":"/Users/GQSM/Documents/Code/TodoList-With-React/src/component/Content/index.js","statementMap":{},"fnMap":{},"branchMap":{},"s":{},"f":{},"b":{},"_coverageSchema":"43e27e138ebf9cfc5966b082cf9a028302ed4184","hash":"24b17fecb1ee2d3cb9f4803316817c8383cda11b"}
,"/Users/GQSM/Documents/Code/TodoList-With-React/src/component/Content/AddInput/AddInput.js": {"path":"/Users/GQSM/Documents/Code/TodoList-With-React/src/component/Content/AddInput/AddInput.js","statementMap":{"0":{"start":{"line":5,"column":17},"end":{"line":34,"column":1}},"1":{"start":{"line":6,"column":43},"end":{"line":6,"column":58}},"2":{"start":{"line":7,"column":24},"end":{"line":9,"column":3}},"3":{"start":{"line":8,"column":4},"end":{"line":8,"column":36}},"4":{"start":{"line":11,"column":2},"end":{"line":33,"column":4}},"5":{"start":{"line":18,"column":29},"end":{"line":18,"column":45}}},"fnMap":{"0":{"name":"(anonymous_0)","decl":{"start":{"line":5,"column":17},"end":{"line":5,"column":18}},"loc":{"start":{"line":5,"column":23},"end":{"line":34,"column":1}},"line":5},"1":{"name":"(anonymous_1)","decl":{"start":{"line":7,"column":24},"end":{"line":7,"column":25}},"loc":{"start":{"line":7,"column":30},"end":{"line":9,"column":3}},"line":7},"2":{"name":"(anonymous_2)","decl":{"start":{"line":18,"column":21},"end":{"line":18,"column":22}},"loc":{"start":{"line":18,"column":27},"end":{"line":18,"column":47}},"line":18}},"branchMap":{"0":{"loc":{"start":{"line":13,"column":7},"end":{"line":22,"column":9}},"type":"cond-expr","locations":[{"start":{"line":13,"column":21},"end":{"line":13,"column":25}},{"start":{"line":15,"column":10},"end":{"line":21,"column":19}}],"line":13},"1":{"loc":{"start":{"line":24,"column":7},"end":{"line":31,"column":14}},"type":"cond-expr","locations":[{"start":{"line":26,"column":10},"end":{"line":29,"column":12}},{"start":{"line":31,"column":10},"end":{"line":31,"column":14}}],"line":24}},"s":{"0":3,"1":11,"2":11,"3":1,"4":11,"5":1},"f":{"0":11,"1":1,"2":1},"b":{"0":[1,10],"1":[1,10]},"_coverageSchema":"43e27e138ebf9cfc5966b082cf9a028302ed4184","hash":"c191a29e95fba10d89d38c102e7fd27738dc85ca"}
,"/Users/GQSM/Documents/Code/TodoList-With-React/src/component/Content/AddInput/index.js": {"path":"/Users/GQSM/Documents/Code/TodoList-With-React/src/component/Content/AddInput/index.js","statementMap":{},"fnMap":{},"branchMap":{},"s":{},"f":{},"b":{},"_coverageSchema":"43e27e138ebf9cfc5966b082cf9a028302ed4184","hash":"aa5be6bfb9e69d32402199f8a3ae5bc03fb5d4ed"}
,"/Users/GQSM/Documents/Code/TodoList-With-React/src/component/Header/Header.js": {"path":"/Users/GQSM/Documents/Code/TodoList-With-React/src/component/Header/Header.js","statementMap":{"0":{"start":{"line":8,"column":15},"end":{"line":24,"column":1}},"1":{"start":{"line":9,"column":18},"end":{"line":9,"column":58}},"2":{"start":{"line":10,"column":2},"end":{"line":23,"column":4}},"3":{"start":{"line":14,"column":10},"end":{"line":19,"column":12}},"4":{"start":{"line":26,"column":0},"end":{"line":29,"column":2}},"5":{"start":{"line":31,"column":0},"end":{"line":34,"column":2}},"6":{"start":{"line":32,"column":29},"end":{"line":32,"column":62}},"7":{"start":{"line":36,"column":24},"end":{"line":38,"column":2}},"8":{"start":{"line":36,"column":34},"end":{"line":38,"column":1}},"9":{"start":{"line":40,"column":27},"end":{"line":44,"column":2}},"10":{"start":{"line":40,"column":40},"end":{"line":44,"column":1}},"11":{"start":{"line":42,"column":4},"end":{"line":42,"column":45}}},"fnMap":{"0":{"name":"(anonymous_0)","decl":{"start":{"line":8,"column":15},"end":{"line":8,"column":16}},"loc":{"start":{"line":8,"column":26},"end":{"line":24,"column":1}},"line":8},"1":{"name":"(anonymous_1)","decl":{"start":{"line":13,"column":20},"end":{"line":13,"column":21}},"loc":{"start":{"line":14,"column":10},"end":{"line":19,"column":12}},"line":14},"2":{"name":"(anonymous_2)","decl":{"start":{"line":32,"column":21},"end":{"line":32,"column":22}},"loc":{"start":{"line":32,"column":27},"end":{"line":32,"column":64}},"line":32},"3":{"name":"(anonymous_3)","decl":{"start":{"line":36,"column":24},"end":{"line":36,"column":25}},"loc":{"start":{"line":36,"column":34},"end":{"line":38,"column":1}},"line":36},"4":{"name":"(anonymous_4)","decl":{"start":{"line":40,"column":27},"end":{"line":40,"column":28}},"loc":{"start":{"line":40,"column":40},"end":{"line":44,"column":1}},"line":40},"5":{"name":"(anonymous_5)","decl":{"start":{"line":41,"column":21},"end":{"line":41,"column":22}},"loc":{"start":{"line":41,"column":38},"end":{"line":43,"column":3}},"line":41}},"branchMap":{},"s":{"0":2,"1":2,"2":2,"3":6,"4":2,"5":2,"6":0,"7":2,"8":1,"9":2,"10":1,"11":0},"f":{"0":2,"1":6,"2":0,"3":1,"4":1,"5":0},"b":{},"_coverageSchema":"43e27e138ebf9cfc5966b082cf9a028302ed4184","hash":"459163ee9ba921b2a97bfaacbaad6f68dfca8305"}
,"/Users/GQSM/Documents/Code/TodoList-With-React/src/component/Header/index.js": {"path":"/Users/GQSM/Documents/Code/TodoList-With-React/src/component/Header/index.js","statementMap":{},"fnMap":{},"branchMap":{},"s":{},"f":{},"b":{},"_coverageSchema":"43e27e138ebf9cfc5966b082cf9a028302ed4184","hash":"cdbb44fa080af5ee81f4a7fa11373fe326cec7ce"}
,"/Users/GQSM/Documents/Code/TodoList-With-React/src/component/Header/Tab/Tab.js": {"path":"/Users/GQSM/Documents/Code/TodoList-With-React/src/component/Header/Tab/Tab.js","statementMap":{"0":{"start":{"line":5,"column":12},"end":{"line":23,"column":1}},"1":{"start":{"line":6,"column":52},"end":{"line":6,"column":57}},"2":{"start":{"line":8,"column":23},"end":{"line":12,"column":3}},"3":{"start":{"line":9,"column":17},"end":{"line":9,"column":27}},"4":{"start":{"line":10,"column":4},"end":{"line":10,"column":57}},"5":{"start":{"line":10,"column":23},"end":{"line":10,"column":57}},"6":{"start":{"line":11,"column":4},"end":{"line":11,"column":18}},"7":{"start":{"line":14,"column":2},"end":{"line":22,"column":4}},"8":{"start":{"line":18,"column":23},"end":{"line":18,"column":47}},"9":{"start":{"line":25,"column":0},"end":{"line":29,"column":2}},"10":{"start":{"line":31,"column":0},"end":{"line":35,"column":2}},"11":{"start":{"line":34,"column":29},"end":{"line":34,"column":62}}},"fnMap":{"0":{"name":"(anonymous_0)","decl":{"start":{"line":5,"column":12},"end":{"line":5,"column":13}},"loc":{"start":{"line":5,"column":23},"end":{"line":23,"column":1}},"line":5},"1":{"name":"(anonymous_1)","decl":{"start":{"line":8,"column":23},"end":{"line":8,"column":24}},"loc":{"start":{"line":8,"column":33},"end":{"line":12,"column":3}},"line":8},"2":{"name":"(anonymous_2)","decl":{"start":{"line":18,"column":15},"end":{"line":18,"column":16}},"loc":{"start":{"line":18,"column":21},"end":{"line":18,"column":49}},"line":18},"3":{"name":"(anonymous_3)","decl":{"start":{"line":34,"column":21},"end":{"line":34,"column":22}},"loc":{"start":{"line":34,"column":27},"end":{"line":34,"column":64}},"line":34}},"branchMap":{"0":{"loc":{"start":{"line":10,"column":4},"end":{"line":10,"column":57}},"type":"if","locations":[{"start":{"line":10,"column":4},"end":{"line":10,"column":57}},{"start":{"line":10,"column":4},"end":{"line":10,"column":57}}],"line":10}},"s":{"0":3,"1":10,"2":10,"3":10,"4":10,"5":4,"6":10,"7":10,"8":1,"9":3,"10":3,"11":0},"f":{"0":10,"1":10,"2":1,"3":0},"b":{"0":[4,6]},"_coverageSchema":"43e27e138ebf9cfc5966b082cf9a028302ed4184","hash":"9cbeab7cadbf79616ff406dcf17e7e70adb9f268"}
,"/Users/GQSM/Documents/Code/TodoList-With-React/src/component/Header/Tab/index.js": {"path":"/Users/GQSM/Documents/Code/TodoList-With-React/src/component/Header/Tab/index.js","statementMap":{},"fnMap":{},"branchMap":{},"s":{},"f":{},"b":{},"_coverageSchema":"43e27e138ebf9cfc5966b082cf9a028302ed4184","hash":"451be53b2548d22a924d97f5af7b5f659295cc91"}
,"/Users/GQSM/Documents/Code/TodoList-With-React/src/component/Main/Main.js": {"path":"/Users/GQSM/Documents/Code/TodoList-With-React/src/component/Main/Main.js","statementMap":{"0":{"start":{"line":6,"column":13},"end":{"line":11,"column":1}},"1":{"start":{"line":7,"column":2},"end":{"line":10,"column":8}}},"fnMap":{"0":{"name":"(anonymous_0)","decl":{"start":{"line":6,"column":13},"end":{"line":6,"column":14}},"loc":{"start":{"line":7,"column":2},"end":{"line":10,"column":8}},"line":7}},"branchMap":{},"s":{"0":1,"1":1},"f":{"0":1},"b":{},"_coverageSchema":"43e27e138ebf9cfc5966b082cf9a028302ed4184","hash":"571b96f86bdc5f0903bdb9a0921250ad142b7f72"}
,"/Users/GQSM/Documents/Code/TodoList-With-React/src/component/Main/index.js": {"path":"/Users/GQSM/Documents/Code/TodoList-With-React/src/component/Main/index.js","statementMap":{},"fnMap":{},"branchMap":{},"s":{},"f":{},"b":{},"_coverageSchema":"43e27e138ebf9cfc5966b082cf9a028302ed4184","hash":"da66cc5c8902d87d209a16d2cf18b65991d34750"}
,"/Users/GQSM/Documents/Code/TodoList-With-React/src/component/Task/Task.js": {"path":"/Users/GQSM/Documents/Code/TodoList-With-React/src/component/Task/Task.js","statementMap":{"0":{"start":{"line":10,"column":13},"end":{"line":36,"column":1}},"1":{"start":{"line":17,"column":6},"end":{"line":17,"column":11}},"2":{"start":{"line":18,"column":29},"end":{"line":18,"column":43}},"3":{"start":{"line":20,"column":2},"end":{"line":35,"column":4}},"4":{"start":{"line":38,"column":0},"end":{"line":54,"column":2}},"5":{"start":{"line":56,"column":0},"end":{"line":72,"column":2}},"6":{"start":{"line":74,"column":27},"end":{"line":77,"column":2}},"7":{"start":{"line":74,"column":40},"end":{"line":77,"column":1}},"8":{"start":{"line":75,"column":27},"end":{"line":75,"column":55}},"9":{"start":{"line":76,"column":30},"end":{"line":76,"column":61}}},"fnMap":{"0":{"name":"(anonymous_0)","decl":{"start":{"line":10,"column":13},"end":{"line":10,"column":14}},"loc":{"start":{"line":10,"column":24},"end":{"line":36,"column":1}},"line":10},"1":{"name":"(anonymous_1)","decl":{"start":{"line":57,"column":17},"end":{"line":57,"column":18}},"loc":{"start":{"line":57,"column":23},"end":{"line":57,"column":25}},"line":57},"2":{"name":"(anonymous_2)","decl":{"start":{"line":69,"column":15},"end":{"line":69,"column":16}},"loc":{"start":{"line":69,"column":21},"end":{"line":69,"column":23}},"line":69},"3":{"name":"(anonymous_3)","decl":{"start":{"line":70,"column":18},"end":{"line":70,"column":19}},"loc":{"start":{"line":70,"column":24},"end":{"line":70,"column":26}},"line":70},"4":{"name":"(anonymous_4)","decl":{"start":{"line":74,"column":27},"end":{"line":74,"column":28}},"loc":{"start":{"line":74,"column":40},"end":{"line":77,"column":1}},"line":74},"5":{"name":"(anonymous_5)","decl":{"start":{"line":75,"column":15},"end":{"line":75,"column":16}},"loc":{"start":{"line":75,"column":25},"end":{"line":75,"column":57}},"line":75},"6":{"name":"(anonymous_6)","decl":{"start":{"line":76,"column":18},"end":{"line":76,"column":19}},"loc":{"start":{"line":76,"column":28},"end":{"line":76,"column":63}},"line":76}},"branchMap":{},"s":{"0":4,"1":2,"2":2,"3":2,"4":4,"5":4,"6":4,"7":1,"8":0,"9":0},"f":{"0":2,"1":0,"2":0,"3":0,"4":1,"5":0,"6":0},"b":{},"_coverageSchema":"43e27e138ebf9cfc5966b082cf9a028302ed4184","hash":"1f60f217bb5dfdabe581d332ef88d8987a719f21"}
,"/Users/GQSM/Documents/Code/TodoList-With-React/src/component/Task/index.js": {"path":"/Users/GQSM/Documents/Code/TodoList-With-React/src/component/Task/index.js","statementMap":{},"fnMap":{},"branchMap":{},"s":{},"f":{},"b":{},"_coverageSchema":"43e27e138ebf9cfc5966b082cf9a028302ed4184","hash":"46f60e604ab77412d746a8c2288a4080cd7f494d"}
,"/Users/GQSM/Documents/Code/TodoList-With-React/src/component/Task/Content/Content.js": {"path":"/Users/GQSM/Documents/Code/TodoList-With-React/src/component/Task/Content/Content.js","statementMap":{"0":{"start":{"line":5,"column":16},"end":{"line":118,"column":1}},"1":{"start":{"line":6,"column":32},"end":{"line":6,"column":37}},"2":{"start":{"line":7,"column":20},"end":{"line":7,"column":32}},"3":{"start":{"line":8,"column":2},"end":{"line":117,"column":4}},"4":{"start":{"line":26,"column":14},"end":{"line":29,"column":17}},"5":{"start":{"line":38,"column":14},"end":{"line":41,"column":17}},"6":{"start":{"line":71,"column":29},"end":{"line":71,"column":55}},"7":{"start":{"line":72,"column":32},"end":{"line":72,"column":58}},"8":{"start":{"line":79,"column":26},"end":{"line":79,"column":36}},"9":{"start":{"line":80,"column":31},"end":{"line":80,"column":49}},"10":{"start":{"line":81,"column":14},"end":{"line":85,"column":17}},"11":{"start":{"line":108,"column":14},"end":{"line":111,"column":17}},"12":{"start":{"line":120,"column":0},"end":{"line":134,"column":2}},"13":{"start":{"line":136,"column":0},"end":{"line":150,"column":2}},"14":{"start":{"line":149,"column":22},"end":{"line":149,"column":55}}},"fnMap":{"0":{"name":"(anonymous_0)","decl":{"start":{"line":5,"column":16},"end":{"line":5,"column":17}},"loc":{"start":{"line":5,"column":27},"end":{"line":118,"column":1}},"line":5},"1":{"name":"(anonymous_1)","decl":{"start":{"line":25,"column":22},"end":{"line":25,"column":23}},"loc":{"start":{"line":25,"column":33},"end":{"line":30,"column":13}},"line":25},"2":{"name":"(anonymous_2)","decl":{"start":{"line":37,"column":22},"end":{"line":37,"column":23}},"loc":{"start":{"line":37,"column":33},"end":{"line":42,"column":13}},"line":37},"3":{"name":"(anonymous_3)","decl":{"start":{"line":71,"column":21},"end":{"line":71,"column":22}},"loc":{"start":{"line":71,"column":27},"end":{"line":71,"column":57}},"line":71},"4":{"name":"(anonymous_4)","decl":{"start":{"line":72,"column":24},"end":{"line":72,"column":25}},"loc":{"start":{"line":72,"column":30},"end":{"line":72,"column":60}},"line":72},"5":{"name":"(anonymous_5)","decl":{"start":{"line":78,"column":22},"end":{"line":78,"column":23}},"loc":{"start":{"line":78,"column":33},"end":{"line":86,"column":13}},"line":78},"6":{"name":"(anonymous_6)","decl":{"start":{"line":107,"column":22},"end":{"line":107,"column":23}},"loc":{"start":{"line":107,"column":33},"end":{"line":112,"column":13}},"line":107},"7":{"name":"(anonymous_7)","decl":{"start":{"line":149,"column":14},"end":{"line":149,"column":15}},"loc":{"start":{"line":149,"column":20},"end":{"line":149,"column":57}},"line":149}},"branchMap":{"0":{"loc":{"start":{"line":57,"column":11},"end":{"line":67,"column":13}},"type":"cond-expr","locations":[{"start":{"line":58,"column":14},"end":{"line":58,"column":18}},{"start":{"line":60,"column":14},"end":{"line":66,"column":20}}],"line":57}},"s":{"0":5,"1":6,"2":6,"3":6,"4":1,"5":1,"6":0,"7":0,"8":1,"9":1,"10":1,"11":1,"12":5,"13":5,"14":0},"f":{"0":6,"1":1,"2":1,"3":0,"4":0,"5":1,"6":1,"7":0},"b":{"0":[2,4]},"_coverageSchema":"43e27e138ebf9cfc5966b082cf9a028302ed4184","hash":"84a7b9f13932637f25840c621f9db07706a0e1d4"}
,"/Users/GQSM/Documents/Code/TodoList-With-React/src/component/Task/Content/index.js": {"path":"/Users/GQSM/Documents/Code/TodoList-With-React/src/component/Task/Content/index.js","statementMap":{},"fnMap":{},"branchMap":{},"s":{},"f":{},"b":{},"_coverageSchema":"43e27e138ebf9cfc5966b082cf9a028302ed4184","hash":"67822d4da0507e12e5955e1b51c20708db6c1427"}
,"/Users/GQSM/Documents/Code/TodoList-With-React/src/component/Task/Footer/Footer.js": {"path":"/Users/GQSM/Documents/Code/TodoList-With-React/src/component/Task/Footer/Footer.js","statementMap":{"0":{"start":{"line":5,"column":15},"end":{"line":45,"column":1}},"1":{"start":{"line":12,"column":6},"end":{"line":12,"column":11}},"2":{"start":{"line":14,"column":25},"end":{"line":25,"column":3}},"3":{"start":{"line":15,"column":4},"end":{"line":23,"column":5}},"4":{"start":{"line":17,"column":8},"end":{"line":17,"column":26}},"5":{"start":{"line":18,"column":8},"end":{"line":18,"column":14}},"6":{"start":{"line":20,"column":8},"end":{"line":20,"column":29}},"7":{"start":{"line":21,"column":8},"end":{"line":21,"column":14}},"8":{"start":{"line":24,"column":4},"end":{"line":24,"column":20}},"9":{"start":{"line":27,"column":2},"end":{"line":44,"column":4}},"10":{"start":{"line":32,"column":25},"end":{"line":32,"column":41}},"11":{"start":{"line":39,"column":25},"end":{"line":39,"column":51}},"12":{"start":{"line":48,"column":0},"end":{"line":65,"column":2}},"13":{"start":{"line":67,"column":0},"end":{"line":84,"column":2}}},"fnMap":{"0":{"name":"(anonymous_0)","decl":{"start":{"line":5,"column":15},"end":{"line":5,"column":16}},"loc":{"start":{"line":5,"column":26},"end":{"line":45,"column":1}},"line":5},"1":{"name":"(anonymous_1)","decl":{"start":{"line":14,"column":25},"end":{"line":14,"column":26}},"loc":{"start":{"line":14,"column":35},"end":{"line":25,"column":3}},"line":14},"2":{"name":"(anonymous_2)","decl":{"start":{"line":32,"column":17},"end":{"line":32,"column":18}},"loc":{"start":{"line":32,"column":23},"end":{"line":32,"column":43}},"line":32},"3":{"name":"(anonymous_3)","decl":{"start":{"line":39,"column":17},"end":{"line":39,"column":18}},"loc":{"start":{"line":39,"column":23},"end":{"line":39,"column":53}},"line":39},"4":{"name":"(anonymous_4)","decl":{"start":{"line":81,"column":17},"end":{"line":81,"column":18}},"loc":{"start":{"line":81,"column":23},"end":{"line":81,"column":25}},"line":81},"5":{"name":"(anonymous_5)","decl":{"start":{"line":82,"column":15},"end":{"line":82,"column":16}},"loc":{"start":{"line":82,"column":21},"end":{"line":82,"column":23}},"line":82},"6":{"name":"(anonymous_6)","decl":{"start":{"line":83,"column":18},"end":{"line":83,"column":19}},"loc":{"start":{"line":83,"column":24},"end":{"line":83,"column":26}},"line":83}},"branchMap":{"0":{"loc":{"start":{"line":15,"column":4},"end":{"line":23,"column":5}},"type":"switch","locations":[{"start":{"line":16,"column":6},"end":{"line":18,"column":14}},{"start":{"line":19,"column":6},"end":{"line":21,"column":14}},{"start":{"line":22,"column":6},"end":{"line":22,"column":14}}],"line":15}},"s":{"0":5,"1":6,"2":6,"3":2,"4":1,"5":1,"6":1,"7":1,"8":2,"9":6,"10":1,"11":2,"12":5,"13":5},"f":{"0":6,"1":2,"2":1,"3":2,"4":0,"5":0,"6":0},"b":{"0":[1,1,0]},"_coverageSchema":"43e27e138ebf9cfc5966b082cf9a028302ed4184","hash":"225f901968ec86a9eb22bcd512ddb16eb446c441"}
,"/Users/GQSM/Documents/Code/TodoList-With-React/src/component/Task/Footer/index.js": {"path":"/Users/GQSM/Documents/Code/TodoList-With-React/src/component/Task/Footer/index.js","statementMap":{},"fnMap":{},"branchMap":{},"s":{},"f":{},"b":{},"_coverageSchema":"43e27e138ebf9cfc5966b082cf9a028302ed4184","hash":"cb15f0822478045ead33b8b7a2c6f96dba3693de"}
,"/Users/GQSM/Documents/Code/TodoList-With-React/src/component/Task/Header/Header.js": {"path":"/Users/GQSM/Documents/Code/TodoList-With-React/src/component/Task/Header/Header.js","statementMap":{"0":{"start":{"line":5,"column":15},"end":{"line":95,"column":1}},"1":{"start":{"line":12,"column":6},"end":{"line":12,"column":11}},"2":{"start":{"line":14,"column":25},"end":{"line":19,"column":3}},"3":{"start":{"line":15,"column":17},"end":{"line":15,"column":19}},"4":{"start":{"line":16,"column":4},"end":{"line":16,"column":65}},"5":{"start":{"line":17,"column":4},"end":{"line":17,"column":66}},"6":{"start":{"line":18,"column":4},"end":{"line":18,"column":18}},"7":{"start":{"line":21,"column":31},"end":{"line":31,"column":3}},"8":{"start":{"line":22,"column":4},"end":{"line":30,"column":5}},"9":{"start":{"line":23,"column":6},"end":{"line":23,"column":39}},"10":{"start":{"line":25,"column":24},"end":{"line":25,"column":36}},"11":{"start":{"line":26,"column":6},"end":{"line":29,"column":9}},"12":{"start":{"line":32,"column":2},"end":{"line":94,"column":4}},"13":{"start":{"line":38,"column":12},"end":{"line":38,"column":55}},"14":{"start":{"line":39,"column":12},"end":{"line":39,"column":36}},"15":{"start":{"line":41,"column":30},"end":{"line":41,"column":54}},"16":{"start":{"line":65,"column":18},"end":{"line":68,"column":21}},"17":{"start":{"line":77,"column":12},"end":{"line":77,"column":55}},"18":{"start":{"line":78,"column":12},"end":{"line":78,"column":36}},"19":{"start":{"line":80,"column":30},"end":{"line":80,"column":55}},"20":{"start":{"line":97,"column":0},"end":{"line":114,"column":2}},"21":{"start":{"line":116,"column":0},"end":{"line":133,"column":2}}},"fnMap":{"0":{"name":"(anonymous_0)","decl":{"start":{"line":5,"column":15},"end":{"line":5,"column":16}},"loc":{"start":{"line":5,"column":26},"end":{"line":95,"column":1}},"line":5},"1":{"name":"(anonymous_1)","decl":{"start":{"line":14,"column":25},"end":{"line":14,"column":26}},"loc":{"start":{"line":14,"column":51},"end":{"line":19,"column":3}},"line":14},"2":{"name":"(anonymous_2)","decl":{"start":{"line":21,"column":31},"end":{"line":21,"column":32}},"loc":{"start":{"line":21,"column":47},"end":{"line":31,"column":3}},"line":21},"3":{"name":"(anonymous_3)","decl":{"start":{"line":37,"column":19},"end":{"line":37,"column":20}},"loc":{"start":{"line":37,"column":30},"end":{"line":40,"column":11}},"line":37},"4":{"name":"(anonymous_4)","decl":{"start":{"line":41,"column":22},"end":{"line":41,"column":23}},"loc":{"start":{"line":41,"column":28},"end":{"line":41,"column":56}},"line":41},"5":{"name":"(anonymous_5)","decl":{"start":{"line":64,"column":26},"end":{"line":64,"column":27}},"loc":{"start":{"line":64,"column":37},"end":{"line":69,"column":17}},"line":64},"6":{"name":"(anonymous_6)","decl":{"start":{"line":76,"column":19},"end":{"line":76,"column":20}},"loc":{"start":{"line":76,"column":30},"end":{"line":79,"column":11}},"line":76},"7":{"name":"(anonymous_7)","decl":{"start":{"line":80,"column":22},"end":{"line":80,"column":23}},"loc":{"start":{"line":80,"column":28},"end":{"line":80,"column":57}},"line":80},"8":{"name":"(anonymous_8)","decl":{"start":{"line":131,"column":14},"end":{"line":131,"column":15}},"loc":{"start":{"line":131,"column":20},"end":{"line":131,"column":22}},"line":131},"9":{"name":"(anonymous_9)","decl":{"start":{"line":132,"column":24},"end":{"line":132,"column":25}},"loc":{"start":{"line":132,"column":30},"end":{"line":132,"column":32}},"line":132}},"branchMap":{"0":{"loc":{"start":{"line":16,"column":17},"end":{"line":16,"column":61}},"type":"cond-expr","locations":[{"start":{"line":16,"column":29},"end":{"line":16,"column":56}},{"start":{"line":16,"column":59},"end":{"line":16,"column":61}}],"line":16},"1":{"loc":{"start":{"line":17,"column":17},"end":{"line":17,"column":62}},"type":"cond-expr","locations":[{"start":{"line":17,"column":29},"end":{"line":17,"column":57}},{"start":{"line":17,"column":60},"end":{"line":17,"column":62}}],"line":17},"2":{"loc":{"start":{"line":22,"column":4},"end":{"line":30,"column":5}},"type":"if","locations":[{"start":{"line":22,"column":4},"end":{"line":30,"column":5}},{"start":{"line":22,"column":4},"end":{"line":30,"column":5}}],"line":22},"3":{"loc":{"start":{"line":33,"column":20},"end":{"line":33,"column":86}},"type":"cond-expr","locations":[{"start":{"line":33,"column":37},"end":{"line":33,"column":65}},{"start":{"line":33,"column":68},"end":{"line":33,"column":86}}],"line":33},"4":{"loc":{"start":{"line":34,"column":22},"end":{"line":34,"column":86}},"type":"cond-expr","locations":[{"start":{"line":34,"column":43},"end":{"line":34,"column":67}},{"start":{"line":34,"column":70},"end":{"line":34,"column":86}}],"line":34},"5":{"loc":{"start":{"line":44,"column":12},"end":{"line":46,"column":47}},"type":"cond-expr","locations":[{"start":{"line":45,"column":16},"end":{"line":45,"column":81}},{"start":{"line":46,"column":16},"end":{"line":46,"column":47}}],"line":44},"6":{"loc":{"start":{"line":50,"column":11},"end":{"line":71,"column":13}},"type":"cond-expr","locations":[{"start":{"line":52,"column":14},"end":{"line":56,"column":21}},{"start":{"line":59,"column":14},"end":{"line":70,"column":16}}],"line":50},"7":{"loc":{"start":{"line":83,"column":12},"end":{"line":85,"column":45}},"type":"cond-expr","locations":[{"start":{"line":84,"column":16},"end":{"line":84,"column":73}},{"start":{"line":85,"column":16},"end":{"line":85,"column":45}}],"line":83},"8":{"loc":{"start":{"line":89,"column":38},"end":{"line":89,"column":86}},"type":"cond-expr","locations":[{"start":{"line":89,"column":59},"end":{"line":89,"column":61}},{"start":{"line":89,"column":64},"end":{"line":89,"column":86}}],"line":89},"9":{"loc":{"start":{"line":92,"column":7},"end":{"line":92,"column":28}},"type":"binary-expr","locations":[{"start":{"line":92,"column":7},"end":{"line":92,"column":20}},{"start":{"line":92,"column":24},"end":{"line":92,"column":28}}],"line":92}},"s":{"0":5,"1":30,"2":30,"3":30,"4":30,"5":30,"6":30,"7":30,"8":2,"9":0,"10":2,"11":2,"12":30,"13":1,"14":1,"15":0,"16":1,"17":1,"18":1,"19":0,"20":5,"21":5},"f":{"0":30,"1":30,"2":2,"3":1,"4":0,"5":1,"6":1,"7":0,"8":0,"9":0},"b":{"0":[12,18],"1":[14,16],"2":[0,2],"3":[14,16],"4":[24,6],"5":[12,18],"6":[24,6],"7":[14,16],"8":[24,6],"9":[30,0]},"_coverageSchema":"43e27e138ebf9cfc5966b082cf9a028302ed4184","hash":"e195fa1506dde07e668dafd73cccce66c4f7d229"}
,"/Users/GQSM/Documents/Code/TodoList-With-React/src/component/Task/Header/index.js": {"path":"/Users/GQSM/Documents/Code/TodoList-With-React/src/component/Task/Header/index.js","statementMap":{},"fnMap":{},"branchMap":{},"s":{},"f":{},"b":{},"_coverageSchema":"43e27e138ebf9cfc5966b082cf9a028302ed4184","hash":"3aaf91375e35b438d7671f43c0b80bcacb232d8e"}
,"/Users/GQSM/Documents/Code/TodoList-With-React/src/component/Todolist/Todolist.js": {"path":"/Users/GQSM/Documents/Code/TodoList-With-React/src/component/Todolist/Todolist.js","statementMap":{"0":{"start":{"line":8,"column":17},"end":{"line":29,"column":1}},"1":{"start":{"line":9,"column":42},"end":{"line":9,"column":47}},"2":{"start":{"line":10,"column":2},"end":{"line":28,"column":4}},"3":{"start":{"line":17,"column":35},"end":{"line":17,"column":75}},"4":{"start":{"line":31,"column":0},"end":{"line":44,"column":2}},"5":{"start":{"line":46,"column":0},"end":{"line":59,"column":2}}},"fnMap":{"0":{"name":"(anonymous_0)","decl":{"start":{"line":8,"column":17},"end":{"line":8,"column":18}},"loc":{"start":{"line":8,"column":28},"end":{"line":29,"column":1}},"line":8},"1":{"name":"(anonymous_1)","decl":{"start":{"line":17,"column":27},"end":{"line":17,"column":28}},"loc":{"start":{"line":17,"column":33},"end":{"line":17,"column":77}},"line":17}},"branchMap":{"0":{"loc":{"start":{"line":12,"column":7},"end":{"line":25,"column":9}},"type":"cond-expr","locations":[{"start":{"line":14,"column":10},"end":{"line":18,"column":12}},{"start":{"line":21,"column":10},"end":{"line":24,"column":12}}],"line":12}},"s":{"0":2,"1":19,"2":19,"3":0,"4":2,"5":2},"f":{"0":19,"1":0},"b":{"0":[0,19]},"_coverageSchema":"43e27e138ebf9cfc5966b082cf9a028302ed4184","hash":"6454ed8aec4c4eef9f229564e288c889018eb0a8"}
,"/Users/GQSM/Documents/Code/TodoList-With-React/src/component/Todolist/index.js": {"path":"/Users/GQSM/Documents/Code/TodoList-With-React/src/component/Todolist/index.js","statementMap":{},"fnMap":{},"branchMap":{},"s":{},"f":{},"b":{},"_coverageSchema":"43e27e138ebf9cfc5966b082cf9a028302ed4184","hash":"58f03e7c8c1884bce3d18c2ae9440fadcd271d8b"}
,"/Users/GQSM/Documents/Code/TodoList-With-React/src/component/Todolist/List/List.js": {"path":"/Users/GQSM/Documents/Code/TodoList-With-React/src/component/Todolist/List/List.js","statementMap":{"0":{"start":{"line":6,"column":13},"end":{"line":59,"column":1}},"1":{"start":{"line":7,"column":42},"end":{"line":7,"column":47}},"2":{"start":{"line":8,"column":30},"end":{"line":36,"column":3}},"3":{"start":{"line":9,"column":49},"end":{"line":9,"column":59}},"4":{"start":{"line":10,"column":24},"end":{"line":28,"column":5}},"5":{"start":{"line":11,"column":6},"end":{"line":27,"column":7}},"6":{"start":{"line":13,"column":10},"end":{"line":20,"column":12}},"7":{"start":{"line":22,"column":10},"end":{"line":22,"column":75}},"8":{"start":{"line":24,"column":10},"end":{"line":24,"column":83}},"9":{"start":{"line":26,"column":10},"end":{"line":26,"column":22}},"10":{"start":{"line":29,"column":4},"end":{"line":35,"column":6}},"11":{"start":{"line":38,"column":2},"end":{"line":58,"column":4}},"12":{"start":{"line":40,"column":23},"end":{"line":40,"column":63}},"13":{"start":{"line":61,"column":0},"end":{"line":73,"column":2}},"14":{"start":{"line":75,"column":0},"end":{"line":87,"column":2}}},"fnMap":{"0":{"name":"(anonymous_0)","decl":{"start":{"line":6,"column":13},"end":{"line":6,"column":14}},"loc":{"start":{"line":6,"column":24},"end":{"line":59,"column":1}},"line":6},"1":{"name":"(anonymous_1)","decl":{"start":{"line":8,"column":30},"end":{"line":8,"column":31}},"loc":{"start":{"line":8,"column":46},"end":{"line":36,"column":3}},"line":8},"2":{"name":"(anonymous_2)","decl":{"start":{"line":10,"column":24},"end":{"line":10,"column":25}},"loc":{"start":{"line":10,"column":34},"end":{"line":28,"column":5}},"line":10},"3":{"name":"(anonymous_3)","decl":{"start":{"line":40,"column":15},"end":{"line":40,"column":16}},"loc":{"start":{"line":40,"column":21},"end":{"line":40,"column":65}},"line":40},"4":{"name":"(anonymous_4)","decl":{"start":{"line":41,"column":18},"end":{"line":41,"column":19}},"loc":{"start":{"line":41,"column":24},"end":{"line":41,"column":26}},"line":41}},"branchMap":{"0":{"loc":{"start":{"line":11,"column":6},"end":{"line":27,"column":7}},"type":"switch","locations":[{"start":{"line":12,"column":8},"end":{"line":20,"column":12}},{"start":{"line":21,"column":8},"end":{"line":22,"column":75}},{"start":{"line":23,"column":8},"end":{"line":24,"column":83}},{"start":{"line":25,"column":8},"end":{"line":26,"column":22}}],"line":11},"1":{"loc":{"start":{"line":31,"column":10},"end":{"line":31,"column":58}},"type":"cond-expr","locations":[{"start":{"line":31,"column":32},"end":{"line":31,"column":36}},{"start":{"line":31,"column":39},"end":{"line":31,"column":58}}],"line":31},"2":{"loc":{"start":{"line":32,"column":10},"end":{"line":32,"column":50}},"type":"cond-expr","locations":[{"start":{"line":32,"column":24},"end":{"line":32,"column":28}},{"start":{"line":32,"column":31},"end":{"line":32,"column":50}}],"line":32},"3":{"loc":{"start":{"line":33,"column":10},"end":{"line":33,"column":64}},"type":"cond-expr","locations":[{"start":{"line":33,"column":31},"end":{"line":33,"column":35}},{"start":{"line":33,"column":38},"end":{"line":33,"column":64}}],"line":33}},"s":{"0":2,"1":19,"2":19,"3":19,"4":19,"5":54,"6":18,"7":18,"8":18,"9":0,"10":19,"11":19,"12":0,"13":2,"14":2},"f":{"0":19,"1":19,"2":54,"3":0,"4":0},"b":{"0":[18,18,18,0],"1":[1,18],"2":[1,18],"3":[1,18]},"_coverageSchema":"43e27e138ebf9cfc5966b082cf9a028302ed4184","hash":"a35748e8716dd708415947abd82195ebf1e84fe1"}
,"/Users/GQSM/Documents/Code/TodoList-With-React/src/component/Todolist/List/index.js": {"path":"/Users/GQSM/Documents/Code/TodoList-With-React/src/component/Todolist/List/index.js","statementMap":{},"fnMap":{},"branchMap":{},"s":{},"f":{},"b":{},"_coverageSchema":"43e27e138ebf9cfc5966b082cf9a028302ed4184","hash":"3d75b49fa3a9eb0bb33304a9c3239394771cc070"}
,"/Users/GQSM/Documents/Code/TodoList-With-React/src/reducer/todolist.js": {"path":"/Users/GQSM/Documents/Code/TodoList-With-React/src/reducer/todolist.js","statementMap":{"0":{"start":{"line":8,"column":18},"end":{"line":22,"column":1}},"1":{"start":{"line":24,"column":17},"end":{"line":84,"column":1}},"2":{"start":{"line":25,"column":2},"end":{"line":83,"column":3}},"3":{"start":{"line":27,"column":6},"end":{"line":30,"column":8}},"4":{"start":{"line":32,"column":23},"end":{"line":40,"column":7}},"5":{"start":{"line":33,"column":21},"end":{"line":33,"column":22}},"6":{"start":{"line":34,"column":8},"end":{"line":38,"column":9}},"7":{"start":{"line":34,"column":21},"end":{"line":34,"column":22}},"8":{"start":{"line":35,"column":10},"end":{"line":37,"column":11}},"9":{"start":{"line":36,"column":12},"end":{"line":36,"column":40}},"10":{"start":{"line":39,"column":8},"end":{"line":39,"column":22}},"11":{"start":{"line":42,"column":20},"end":{"line":42,"column":44}},"12":{"start":{"line":44,"column":26},"end":{"line":44,"column":45}},"13":{"start":{"line":46,"column":6},"end":{"line":49,"column":9}},"14":{"start":{"line":51,"column":6},"end":{"line":54,"column":8}},"15":{"start":{"line":57,"column":30},"end":{"line":59,"column":8}},"16":{"start":{"line":58,"column":8},"end":{"line":58,"column":42}},"17":{"start":{"line":60,"column":26},"end":{"line":60,"column":45}},"18":{"start":{"line":62,"column":6},"end":{"line":62,"column":57}},"19":{"start":{"line":63,"column":6},"end":{"line":66,"column":8}},"20":{"start":{"line":69,"column":30},"end":{"line":71,"column":8}},"21":{"start":{"line":70,"column":8},"end":{"line":70,"column":37}},"22":{"start":{"line":72,"column":26},"end":{"line":72,"column":45}},"23":{"start":{"line":74,"column":24},"end":{"line":74,"column":75}},"24":{"start":{"line":75,"column":6},"end":{"line":75,"column":71}},"25":{"start":{"line":76,"column":6},"end":{"line":79,"column":8}},"26":{"start":{"line":82,"column":6},"end":{"line":82,"column":19}}},"fnMap":{"0":{"name":"(anonymous_0)","decl":{"start":{"line":24,"column":17},"end":{"line":24,"column":18}},"loc":{"start":{"line":24,"column":48},"end":{"line":84,"column":1}},"line":24},"1":{"name":"(anonymous_1)","decl":{"start":{"line":32,"column":23},"end":{"line":32,"column":24}},"loc":{"start":{"line":32,"column":37},"end":{"line":40,"column":7}},"line":32},"2":{"name":"(anonymous_2)","decl":{"start":{"line":57,"column":55},"end":{"line":57,"column":56}},"loc":{"start":{"line":58,"column":8},"end":{"line":58,"column":42}},"line":58},"3":{"name":"(anonymous_3)","decl":{"start":{"line":69,"column":55},"end":{"line":69,"column":56}},"loc":{"start":{"line":70,"column":8},"end":{"line":70,"column":37}},"line":70}},"branchMap":{"0":{"loc":{"start":{"line":24,"column":18},"end":{"line":24,"column":35}},"type":"default-arg","locations":[{"start":{"line":24,"column":26},"end":{"line":24,"column":35}}],"line":24},"1":{"loc":{"start":{"line":25,"column":2},"end":{"line":83,"column":3}},"type":"switch","locations":[{"start":{"line":26,"column":4},"end":{"line":30,"column":8}},{"start":{"line":31,"column":4},"end":{"line":55,"column":5}},{"start":{"line":56,"column":4},"end":{"line":67,"column":5}},{"start":{"line":68,"column":4},"end":{"line":80,"column":5}},{"start":{"line":81,"column":4},"end":{"line":82,"column":19}}],"line":25},"2":{"loc":{"start":{"line":35,"column":10},"end":{"line":37,"column":11}},"type":"if","locations":[{"start":{"line":35,"column":10},"end":{"line":37,"column":11}},{"start":{"line":35,"column":10},"end":{"line":37,"column":11}}],"line":35}},"s":{"0":1,"1":1,"2":13,"3":3,"4":2,"5":2,"6":2,"7":2,"8":1,"9":1,"10":2,"11":2,"12":2,"13":2,"14":2,"15":1,"16":1,"17":1,"18":1,"19":1,"20":6,"21":6,"22":6,"23":6,"24":6,"25":6,"26":1},"f":{"0":13,"1":2,"2":1,"3":6},"b":{"0":[1],"1":[3,2,1,6,1],"2":[1,0]},"_coverageSchema":"43e27e138ebf9cfc5966b082cf9a028302ed4184","hash":"ba991591578c2a485dadeb1ebc46796ed9e72a75"}
}
