{"/Users/GQSM/Documents/Code/TodoList-With-React/src/actions/todolist.js": {"path":"/Users/GQSM/Documents/Code/TodoList-With-React/src/actions/todolist.js","statementMap":{"0":{"start":{"line":1,"column":35},"end":{"line":1,"column":56}},"1":{"start":{"line":3,"column":33},"end":{"line":8,"column":2}},"2":{"start":{"line":3,"column":49},"end":{"line":8,"column":1}},"3":{"start":{"line":10,"column":28},"end":{"line":10,"column":42}},"4":{"start":{"line":12,"column":27},"end":{"line":19,"column":2}},"5":{"start":{"line":12,"column":40},"end":{"line":19,"column":1}},"6":{"start":{"line":21,"column":31},"end":{"line":21,"column":48}},"7":{"start":{"line":23,"column":30},"end":{"line":30,"column":2}},"8":{"start":{"line":23,"column":43},"end":{"line":30,"column":1}},"9":{"start":{"line":32,"column":38},"end":{"line":32,"column":62}},"10":{"start":{"line":34,"column":36},"end":{"line":40,"column":2}},"11":{"start":{"line":34,"column":53},"end":{"line":40,"column":1}}},"fnMap":{"0":{"name":"(anonymous_0)","decl":{"start":{"line":3,"column":33},"end":{"line":3,"column":34}},"loc":{"start":{"line":3,"column":49},"end":{"line":8,"column":1}},"line":3},"1":{"name":"(anonymous_1)","decl":{"start":{"line":12,"column":27},"end":{"line":12,"column":28}},"loc":{"start":{"line":12,"column":40},"end":{"line":19,"column":1}},"line":12},"2":{"name":"(anonymous_2)","decl":{"start":{"line":23,"column":30},"end":{"line":23,"column":31}},"loc":{"start":{"line":23,"column":43},"end":{"line":30,"column":1}},"line":23},"3":{"name":"(anonymous_3)","decl":{"start":{"line":34,"column":36},"end":{"line":34,"column":37}},"loc":{"start":{"line":34,"column":53},"end":{"line":40,"column":1}},"line":34}},"branchMap":{},"s":{"0":2,"1":2,"2":6,"3":2,"4":2,"5":3,"6":2,"7":2,"8":2,"9":2,"10":2,"11":9},"f":{"0":6,"1":3,"2":2,"3":9},"b":{},"_coverageSchema":"43e27e138ebf9cfc5966b082cf9a028302ed4184","hash":"5cfebc81d47f4cdf2bd4b9102d1ce9fbb6cc122e"}
,"/Users/GQSM/Documents/Code/TodoList-With-React/src/reducer/todolist.js": {"path":"/Users/GQSM/Documents/Code/TodoList-With-React/src/reducer/todolist.js","statementMap":{"0":{"start":{"line":8,"column":18},"end":{"line":22,"column":1}},"1":{"start":{"line":24,"column":17},"end":{"line":83,"column":1}},"2":{"start":{"line":25,"column":2},"end":{"line":82,"column":3}},"3":{"start":{"line":27,"column":6},"end":{"line":30,"column":8}},"4":{"start":{"line":32,"column":23},"end":{"line":40,"column":7}},"5":{"start":{"line":33,"column":21},"end":{"line":33,"column":22}},"6":{"start":{"line":34,"column":8},"end":{"line":38,"column":9}},"7":{"start":{"line":34,"column":21},"end":{"line":34,"column":22}},"8":{"start":{"line":35,"column":10},"end":{"line":37,"column":11}},"9":{"start":{"line":36,"column":12},"end":{"line":36,"column":40}},"10":{"start":{"line":39,"column":8},"end":{"line":39,"column":22}},"11":{"start":{"line":42,"column":20},"end":{"line":42,"column":44}},"12":{"start":{"line":43,"column":26},"end":{"line":43,"column":45}},"13":{"start":{"line":45,"column":6},"end":{"line":48,"column":9}},"14":{"start":{"line":50,"column":6},"end":{"line":53,"column":8}},"15":{"start":{"line":56,"column":30},"end":{"line":58,"column":8}},"16":{"start":{"line":57,"column":8},"end":{"line":57,"column":42}},"17":{"start":{"line":59,"column":26},"end":{"line":59,"column":45}},"18":{"start":{"line":61,"column":6},"end":{"line":61,"column":57}},"19":{"start":{"line":62,"column":6},"end":{"line":65,"column":8}},"20":{"start":{"line":68,"column":30},"end":{"line":70,"column":8}},"21":{"start":{"line":69,"column":8},"end":{"line":69,"column":37}},"22":{"start":{"line":71,"column":26},"end":{"line":71,"column":45}},"23":{"start":{"line":73,"column":24},"end":{"line":73,"column":75}},"24":{"start":{"line":74,"column":6},"end":{"line":74,"column":71}},"25":{"start":{"line":75,"column":6},"end":{"line":78,"column":8}},"26":{"start":{"line":81,"column":6},"end":{"line":81,"column":19}}},"fnMap":{"0":{"name":"(anonymous_0)","decl":{"start":{"line":24,"column":17},"end":{"line":24,"column":18}},"loc":{"start":{"line":24,"column":48},"end":{"line":83,"column":1}},"line":24},"1":{"name":"(anonymous_1)","decl":{"start":{"line":32,"column":23},"end":{"line":32,"column":24}},"loc":{"start":{"line":32,"column":37},"end":{"line":40,"column":7}},"line":32},"2":{"name":"(anonymous_2)","decl":{"start":{"line":56,"column":55},"end":{"line":56,"column":56}},"loc":{"start":{"line":57,"column":8},"end":{"line":57,"column":42}},"line":57},"3":{"name":"(anonymous_3)","decl":{"start":{"line":68,"column":55},"end":{"line":68,"column":56}},"loc":{"start":{"line":69,"column":8},"end":{"line":69,"column":37}},"line":69}},"branchMap":{"0":{"loc":{"start":{"line":24,"column":18},"end":{"line":24,"column":35}},"type":"default-arg","locations":[{"start":{"line":24,"column":26},"end":{"line":24,"column":35}}],"line":24},"1":{"loc":{"start":{"line":25,"column":2},"end":{"line":82,"column":3}},"type":"switch","locations":[{"start":{"line":26,"column":4},"end":{"line":30,"column":8}},{"start":{"line":31,"column":4},"end":{"line":54,"column":5}},{"start":{"line":55,"column":4},"end":{"line":66,"column":5}},{"start":{"line":67,"column":4},"end":{"line":79,"column":5}},{"start":{"line":80,"column":4},"end":{"line":81,"column":19}}],"line":25},"2":{"loc":{"start":{"line":35,"column":10},"end":{"line":37,"column":11}},"type":"if","locations":[{"start":{"line":35,"column":10},"end":{"line":37,"column":11}},{"start":{"line":35,"column":10},"end":{"line":37,"column":11}}],"line":35}},"s":{"0":1,"1":1,"2":13,"3":3,"4":2,"5":2,"6":2,"7":2,"8":1,"9":1,"10":2,"11":2,"12":2,"13":2,"14":2,"15":1,"16":1,"17":1,"18":1,"19":1,"20":6,"21":6,"22":6,"23":6,"24":6,"25":6,"26":1},"f":{"0":13,"1":2,"2":1,"3":6},"b":{"0":[1],"1":[3,2,1,6,1],"2":[1,0]},"_coverageSchema":"43e27e138ebf9cfc5966b082cf9a028302ed4184","hash":"b0ac871ff79a95205ab460f7d4cd54b20bd4191e"}
}
