TN:
SF:/Users/GQSM/Documents/Code/TodoList-With-React/src/actions/todolist.js
FN:3,(anonymous_0)
FN:12,(anonymous_1)
FN:23,(anonymous_2)
FN:34,(anonymous_3)
FNF:4
FNH:4
FNDA:6,(anonymous_0)
FNDA:3,(anonymous_1)
FNDA:2,(anonymous_2)
FNDA:9,(anonymous_3)
DA:1,7
DA:3,7
DA:10,7
DA:12,7
DA:21,7
DA:23,7
DA:32,7
DA:34,9
LF:8
LH:8
BRF:0
BRH:0
end_of_record
TN:
SF:/Users/GQSM/Documents/Code/TodoList-With-React/src/component/Content/Content.js
FN:9,(anonymous_0)
FN:12,(anonymous_1)
FN:16,(anonymous_2)
FN:18,(anonymous_3)
FN:24,(anonymous_4)
FN:50,(anonymous_5)
FN:53,(anonymous_6)
FN:63,(anonymous_7)
FN:65,(anonymous_8)
FN:115,(anonymous_9)
FN:119,(anonymous_10)
FN:125,(anonymous_11)
FN:126,(anonymous_12)
FNF:13
FNH:11
FNDA:9,(anonymous_0)
FNDA:7,(anonymous_1)
FNDA:9,(anonymous_2)
FNDA:22,(anonymous_3)
FNDA:22,(anonymous_4)
FNDA:9,(anonymous_5)
FNDA:19,(anonymous_6)
FNDA:9,(anonymous_7)
FNDA:22,(anonymous_8)
FNDA:0,(anonymous_9)
FNDA:1,(anonymous_10)
FNDA:1,(anonymous_11)
FNDA:0,(anonymous_12)
DA:9,2
DA:10,9
DA:12,9
DA:13,7
DA:16,9
DA:18,9
DA:19,22
DA:22,9
DA:24,9
DA:25,22
DA:28,9
DA:31,9
DA:33,1
DA:34,1
DA:36,1
DA:37,1
DA:39,7
DA:43,7
DA:47,9
DA:50,9
DA:51,9
DA:52,9
DA:54,19
DA:63,9
DA:64,9
DA:65,9
DA:66,22
DA:67,15
DA:71,9
DA:74,9
DA:87,2
DA:103,2
DA:115,0
DA:119,2
DA:125,2
DA:126,0
LF:36
LH:34
BRDA:13,0,0,0
BRDA:13,0,1,7
BRDA:31,1,0,1
BRDA:31,1,1,1
BRDA:31,1,2,7
BRDA:31,1,3,0
BRDA:66,2,0,15
BRDA:66,2,1,7
BRF:8
BRH:6
end_of_record
TN:
SF:/Users/GQSM/Documents/Code/TodoList-With-React/src/component/Content/index.js
FNF:0
FNH:0
LF:0
LH:0
BRF:0
BRH:0
end_of_record
TN:
SF:/Users/GQSM/Documents/Code/TodoList-With-React/src/component/Content/AddInput/AddInput.js
FN:5,(anonymous_0)
FN:7,(anonymous_1)
FN:18,(anonymous_2)
FNF:3
FNH:3
FNDA:11,(anonymous_0)
FNDA:1,(anonymous_1)
FNDA:1,(anonymous_2)
DA:5,3
DA:6,11
DA:7,11
DA:8,1
DA:11,11
DA:18,1
LF:6
LH:6
BRDA:13,0,0,1
BRDA:13,0,1,10
BRDA:24,1,0,1
BRDA:24,1,1,10
BRF:4
BRH:4
end_of_record
TN:
SF:/Users/GQSM/Documents/Code/TodoList-With-React/src/component/Content/AddInput/index.js
FNF:0
FNH:0
LF:0
LH:0
BRF:0
BRH:0
end_of_record
TN:
SF:/Users/GQSM/Documents/Code/TodoList-With-React/src/component/Header/Header.js
FN:8,(anonymous_0)
FN:13,(anonymous_1)
FN:32,(anonymous_2)
FN:36,(anonymous_3)
FN:40,(anonymous_4)
FN:41,(anonymous_5)
FNF:6
FNH:4
FNDA:2,(anonymous_0)
FNDA:6,(anonymous_1)
FNDA:0,(anonymous_2)
FNDA:1,(anonymous_3)
FNDA:1,(anonymous_4)
FNDA:0,(anonymous_5)
DA:8,2
DA:9,2
DA:10,2
DA:14,6
DA:26,2
DA:31,2
DA:32,0
DA:36,2
DA:40,2
DA:42,0
LF:10
LH:8
BRF:0
BRH:0
end_of_record
TN:
SF:/Users/GQSM/Documents/Code/TodoList-With-React/src/component/Header/index.js
FNF:0
FNH:0
LF:0
LH:0
BRF:0
BRH:0
end_of_record
TN:
SF:/Users/GQSM/Documents/Code/TodoList-With-React/src/component/Header/Tab/Tab.js
FN:5,(anonymous_0)
FN:8,(anonymous_1)
FN:18,(anonymous_2)
FN:34,(anonymous_3)
FNF:4
FNH:3
FNDA:10,(anonymous_0)
FNDA:10,(anonymous_1)
FNDA:1,(anonymous_2)
FNDA:0,(anonymous_3)
DA:5,3
DA:6,10
DA:8,10
DA:9,10
DA:10,10
DA:11,10
DA:14,10
DA:18,1
DA:25,3
DA:31,3
DA:34,0
LF:11
LH:10
BRDA:10,0,0,4
BRDA:10,0,1,6
BRF:2
BRH:2
end_of_record
TN:
SF:/Users/GQSM/Documents/Code/TodoList-With-React/src/component/Header/Tab/index.js
FNF:0
FNH:0
LF:0
LH:0
BRF:0
BRH:0
end_of_record
TN:
SF:/Users/GQSM/Documents/Code/TodoList-With-React/src/component/Main/Main.js
FN:6,(anonymous_0)
FNF:1
FNH:1
FNDA:1,(anonymous_0)
DA:6,1
DA:7,1
LF:2
LH:2
BRF:0
BRH:0
end_of_record
TN:
SF:/Users/GQSM/Documents/Code/TodoList-With-React/src/component/Main/index.js
FNF:0
FNH:0
LF:0
LH:0
BRF:0
BRH:0
end_of_record
TN:
SF:/Users/GQSM/Documents/Code/TodoList-With-React/src/component/Task/Task.js
FN:10,(anonymous_0)
FN:57,(anonymous_1)
FN:69,(anonymous_2)
FN:70,(anonymous_3)
FN:74,(anonymous_4)
FN:75,(anonymous_5)
FN:76,(anonymous_6)
FNF:7
FNH:2
FNDA:2,(anonymous_0)
FNDA:0,(anonymous_1)
FNDA:0,(anonymous_2)
FNDA:0,(anonymous_3)
FNDA:1,(anonymous_4)
FNDA:0,(anonymous_5)
FNDA:0,(anonymous_6)
DA:10,4
DA:17,2
DA:18,2
DA:20,2
DA:38,4
DA:56,4
DA:74,4
DA:75,0
DA:76,0
LF:9
LH:7
BRF:0
BRH:0
end_of_record
TN:
SF:/Users/GQSM/Documents/Code/TodoList-With-React/src/component/Task/index.js
FNF:0
FNH:0
LF:0
LH:0
BRF:0
BRH:0
end_of_record
TN:
SF:/Users/GQSM/Documents/Code/TodoList-With-React/src/component/Task/Content/Content.js
FN:5,(anonymous_0)
FN:25,(anonymous_1)
FN:37,(anonymous_2)
FN:71,(anonymous_3)
FN:72,(anonymous_4)
FN:78,(anonymous_5)
FN:107,(anonymous_6)
FN:149,(anonymous_7)
FNF:8
FNH:5
FNDA:6,(anonymous_0)
FNDA:1,(anonymous_1)
FNDA:1,(anonymous_2)
FNDA:0,(anonymous_3)
FNDA:0,(anonymous_4)
FNDA:1,(anonymous_5)
FNDA:1,(anonymous_6)
FNDA:0,(anonymous_7)
DA:5,5
DA:6,6
DA:7,6
DA:8,6
DA:26,1
DA:38,1
DA:71,0
DA:72,0
DA:79,1
DA:80,1
DA:81,1
DA:108,1
DA:120,5
DA:136,5
DA:149,0
LF:15
LH:12
BRDA:57,0,0,2
BRDA:57,0,1,4
BRF:2
BRH:2
end_of_record
TN:
SF:/Users/GQSM/Documents/Code/TodoList-With-React/src/component/Task/Content/index.js
FNF:0
FNH:0
LF:0
LH:0
BRF:0
BRH:0
end_of_record
TN:
SF:/Users/GQSM/Documents/Code/TodoList-With-React/src/component/Task/Footer/Footer.js
FN:5,(anonymous_0)
FN:14,(anonymous_1)
FN:32,(anonymous_2)
FN:39,(anonymous_3)
FN:81,(anonymous_4)
FN:82,(anonymous_5)
FN:83,(anonymous_6)
FNF:7
FNH:4
FNDA:6,(anonymous_0)
FNDA:2,(anonymous_1)
FNDA:1,(anonymous_2)
FNDA:2,(anonymous_3)
FNDA:0,(anonymous_4)
FNDA:0,(anonymous_5)
FNDA:0,(anonymous_6)
DA:5,5
DA:12,6
DA:14,6
DA:15,2
DA:17,1
DA:18,1
DA:20,1
DA:21,1
DA:24,2
DA:27,6
DA:32,1
DA:39,2
DA:48,5
DA:67,5
LF:14
LH:14
BRDA:15,0,0,1
BRDA:15,0,1,1
BRDA:15,0,2,0
BRF:3
BRH:2
end_of_record
TN:
SF:/Users/GQSM/Documents/Code/TodoList-With-React/src/component/Task/Footer/index.js
FNF:0
FNH:0
LF:0
LH:0
BRF:0
BRH:0
end_of_record
TN:
SF:/Users/GQSM/Documents/Code/TodoList-With-React/src/component/Task/Header/Header.js
FN:5,(anonymous_0)
FN:14,(anonymous_1)
FN:21,(anonymous_2)
FN:37,(anonymous_3)
FN:41,(anonymous_4)
FN:64,(anonymous_5)
FN:76,(anonymous_6)
FN:80,(anonymous_7)
FN:131,(anonymous_8)
FN:132,(anonymous_9)
FNF:10
FNH:6
FNDA:30,(anonymous_0)
FNDA:30,(anonymous_1)
FNDA:2,(anonymous_2)
FNDA:1,(anonymous_3)
FNDA:0,(anonymous_4)
FNDA:1,(anonymous_5)
FNDA:1,(anonymous_6)
FNDA:0,(anonymous_7)
FNDA:0,(anonymous_8)
FNDA:0,(anonymous_9)
DA:5,5
DA:12,30
DA:14,30
DA:15,30
DA:16,30
DA:17,30
DA:18,30
DA:21,30
DA:22,2
DA:23,0
DA:25,2
DA:26,2
DA:32,30
DA:38,1
DA:39,1
DA:41,0
DA:65,1
DA:77,1
DA:78,1
DA:80,0
DA:97,5
DA:116,5
LF:22
LH:19
BRDA:16,0,0,12
BRDA:16,0,1,18
BRDA:17,1,0,14
BRDA:17,1,1,16
BRDA:22,2,0,0
BRDA:22,2,1,2
BRDA:33,3,0,14
BRDA:33,3,1,16
BRDA:34,4,0,24
BRDA:34,4,1,6
BRDA:44,5,0,12
BRDA:44,5,1,18
BRDA:50,6,0,24
BRDA:50,6,1,6
BRDA:83,7,0,14
BRDA:83,7,1,16
BRDA:89,8,0,24
BRDA:89,8,1,6
BRDA:92,9,0,30
BRDA:92,9,1,0
BRF:20
BRH:18
end_of_record
TN:
SF:/Users/GQSM/Documents/Code/TodoList-With-React/src/component/Task/Header/index.js
FNF:0
FNH:0
LF:0
LH:0
BRF:0
BRH:0
end_of_record
TN:
SF:/Users/GQSM/Documents/Code/TodoList-With-React/src/component/Todolist/Todolist.js
FN:8,(anonymous_0)
FN:17,(anonymous_1)
FNF:2
FNH:1
FNDA:19,(anonymous_0)
FNDA:0,(anonymous_1)
DA:8,2
DA:9,19
DA:10,19
DA:17,0
DA:31,2
DA:46,2
LF:6
LH:5
BRDA:12,0,0,0
BRDA:12,0,1,19
BRF:2
BRH:1
end_of_record
TN:
SF:/Users/GQSM/Documents/Code/TodoList-With-React/src/component/Todolist/index.js
FNF:0
FNH:0
LF:0
LH:0
BRF:0
BRH:0
end_of_record
TN:
SF:/Users/GQSM/Documents/Code/TodoList-With-React/src/component/Todolist/List/List.js
FN:6,(anonymous_0)
FN:8,(anonymous_1)
FN:10,(anonymous_2)
FN:40,(anonymous_3)
FN:41,(anonymous_4)
FNF:5
FNH:3
FNDA:19,(anonymous_0)
FNDA:19,(anonymous_1)
FNDA:54,(anonymous_2)
FNDA:0,(anonymous_3)
FNDA:0,(anonymous_4)
DA:6,2
DA:7,19
DA:8,19
DA:9,19
DA:10,19
DA:11,54
DA:13,18
DA:22,18
DA:24,18
DA:26,0
DA:29,19
DA:38,19
DA:40,0
DA:61,2
DA:75,2
LF:15
LH:13
BRDA:11,0,0,18
BRDA:11,0,1,18
BRDA:11,0,2,18
BRDA:11,0,3,0
BRDA:31,1,0,1
BRDA:31,1,1,18
BRDA:32,2,0,1
BRDA:32,2,1,18
BRDA:33,3,0,1
BRDA:33,3,1,18
BRF:10
BRH:9
end_of_record
TN:
SF:/Users/GQSM/Documents/Code/TodoList-With-React/src/component/Todolist/List/index.js
FNF:0
FNH:0
LF:0
LH:0
BRF:0
BRH:0
end_of_record
TN:
SF:/Users/GQSM/Documents/Code/TodoList-With-React/src/reducer/todolist.js
FN:24,(anonymous_0)
FN:32,(anonymous_1)
FN:57,(anonymous_2)
FN:69,(anonymous_3)
FNF:4
FNH:4
FNDA:13,(anonymous_0)
FNDA:2,(anonymous_1)
FNDA:1,(anonymous_2)
FNDA:6,(anonymous_3)
DA:8,1
DA:24,1
DA:25,13
DA:27,3
DA:32,2
DA:33,2
DA:34,2
DA:35,1
DA:36,1
DA:39,2
DA:42,2
DA:44,2
DA:46,2
DA:51,2
DA:57,1
DA:58,1
DA:60,1
DA:62,1
DA:63,1
DA:69,6
DA:70,6
DA:72,6
DA:74,6
DA:75,6
DA:76,6
DA:82,1
LF:26
LH:26
BRDA:24,0,0,1
BRDA:25,1,0,3
BRDA:25,1,1,2
BRDA:25,1,2,1
BRDA:25,1,3,6
BRDA:25,1,4,1
BRDA:35,2,0,1
BRDA:35,2,1,0
BRF:8
BRH:7
end_of_record
