TN:
SF:/Users/GQSM/Documents/Code/TodoList-With-React/src/actions/todolist.js
FN:3,(anonymous_0)
FN:12,(anonymous_1)
FN:23,(anonymous_2)
FN:34,(anonymous_3)
FNF:4
FNH:4
FNDA:6,(anonymous_0)
FNDA:3,(anonymous_1)
FNDA:2,(anonymous_2)
FNDA:9,(anonymous_3)
DA:1,4
DA:3,6
DA:10,4
DA:12,4
DA:21,4
DA:23,4
DA:32,4
DA:34,9
LF:8
LH:8
BRF:0
BRH:0
end_of_record
TN:
SF:/Users/GQSM/Documents/Code/TodoList-With-React/src/component/Content/Content.js
FN:9,(anonymous_0)
FN:12,(anonymous_1)
FN:16,(anonymous_2)
FN:18,(anonymous_3)
FN:24,(anonymous_4)
FN:50,(anonymous_5)
FN:53,(anonymous_6)
FN:63,(anonymous_7)
FN:65,(anonymous_8)
FN:115,(anonymous_9)
FN:119,(anonymous_10)
FN:125,(anonymous_11)
FN:126,(anonymous_12)
FNF:13
FNH:9
FNDA:8,(anonymous_0)
FNDA:7,(anonymous_1)
FNDA:8,(anonymous_2)
FNDA:21,(anonymous_3)
FNDA:21,(anonymous_4)
FNDA:8,(anonymous_5)
FNDA:18,(anonymous_6)
FNDA:8,(anonymous_7)
FNDA:21,(anonymous_8)
FNDA:0,(anonymous_9)
FNDA:0,(anonymous_10)
FNDA:0,(anonymous_11)
FNDA:0,(anonymous_12)
DA:9,1
DA:10,8
DA:12,8
DA:13,7
DA:16,8
DA:18,8
DA:19,21
DA:22,8
DA:24,8
DA:25,21
DA:28,8
DA:31,8
DA:33,1
DA:34,1
DA:36,1
DA:37,1
DA:39,6
DA:43,6
DA:47,8
DA:50,8
DA:51,8
DA:52,8
DA:54,18
DA:63,8
DA:64,8
DA:65,8
DA:66,21
DA:67,14
DA:71,8
DA:74,8
DA:87,1
DA:103,1
DA:115,0
DA:119,1
DA:125,1
DA:126,0
LF:36
LH:34
BRDA:13,0,0,0
BRDA:13,0,1,7
BRDA:31,1,0,1
BRDA:31,1,1,1
BRDA:31,1,2,6
BRDA:31,1,3,0
BRDA:66,2,0,14
BRDA:66,2,1,7
BRF:8
BRH:6
end_of_record
TN:
SF:/Users/GQSM/Documents/Code/TodoList-With-React/src/component/Content/AddInput/AddInput.js
FN:5,(anonymous_0)
FN:7,(anonymous_1)
FN:18,(anonymous_2)
FNF:3
FNH:3
FNDA:10,(anonymous_0)
FNDA:1,(anonymous_1)
FNDA:1,(anonymous_2)
DA:5,2
DA:6,10
DA:7,10
DA:8,1
DA:11,10
DA:18,1
LF:6
LH:6
BRDA:13,0,0,1
BRDA:13,0,1,9
BRDA:24,1,0,1
BRDA:24,1,1,9
BRF:4
BRH:4
end_of_record
TN:
SF:/Users/GQSM/Documents/Code/TodoList-With-React/src/component/Content/AddInput/index.js
FNF:0
FNH:0
LF:0
LH:0
BRF:0
BRH:0
end_of_record
TN:
SF:/Users/GQSM/Documents/Code/TodoList-With-React/src/component/Task/Task.js
FN:10,(anonymous_0)
FN:20,(anonymous_1)
FN:28,(anonymous_2)
FN:51,(anonymous_3)
FN:76,(anonymous_4)
FN:88,(anonymous_5)
FN:89,(anonymous_6)
FN:93,(anonymous_7)
FN:94,(anonymous_8)
FN:95,(anonymous_9)
FNF:10
FNH:2
FNDA:1,(anonymous_0)
FNDA:0,(anonymous_1)
FNDA:0,(anonymous_2)
FNDA:0,(anonymous_3)
FNDA:0,(anonymous_4)
FNDA:0,(anonymous_5)
FNDA:0,(anonymous_6)
FNDA:1,(anonymous_7)
FNDA:0,(anonymous_8)
FNDA:0,(anonymous_9)
DA:10,2
DA:17,1
DA:18,1
DA:20,1
DA:21,0
DA:22,0
DA:28,1
DA:29,0
DA:31,0
DA:32,0
DA:34,0
DA:35,0
DA:38,0
DA:41,1
DA:51,0
DA:57,2
DA:75,2
DA:76,0
DA:88,0
DA:89,0
DA:93,2
DA:94,0
DA:95,0
LF:23
LH:9
BRDA:29,0,0,0
BRDA:29,0,1,0
BRDA:29,0,2,0
BRF:3
BRH:0
end_of_record
TN:
SF:/Users/GQSM/Documents/Code/TodoList-With-React/src/component/Task/index.js
FNF:0
FNH:0
LF:0
LH:0
BRF:0
BRH:0
end_of_record
TN:
SF:/Users/GQSM/Documents/Code/TodoList-With-React/src/component/Task/Content/Content.js
FN:5,(anonymous_0)
FN:25,(anonymous_1)
FN:37,(anonymous_2)
FN:71,(anonymous_3)
FN:72,(anonymous_4)
FN:78,(anonymous_5)
FN:107,(anonymous_6)
FN:149,(anonymous_7)
FNF:8
FNH:1
FNDA:1,(anonymous_0)
FNDA:0,(anonymous_1)
FNDA:0,(anonymous_2)
FNDA:0,(anonymous_3)
FNDA:0,(anonymous_4)
FNDA:0,(anonymous_5)
FNDA:0,(anonymous_6)
FNDA:0,(anonymous_7)
DA:5,2
DA:6,1
DA:7,1
DA:8,1
DA:26,0
DA:38,0
DA:71,0
DA:72,0
DA:79,0
DA:80,0
DA:81,0
DA:108,0
DA:120,2
DA:136,2
DA:149,0
LF:15
LH:6
BRDA:57,0,0,1
BRDA:57,0,1,0
BRF:2
BRH:1
end_of_record
TN:
SF:/Users/GQSM/Documents/Code/TodoList-With-React/src/component/Task/Content/index.js
FNF:0
FNH:0
LF:0
LH:0
BRF:0
BRH:0
end_of_record
TN:
SF:/Users/GQSM/Documents/Code/TodoList-With-React/src/component/Task/Footer/Footer.js
FN:5,(anonymous_0)
FN:12,(anonymous_1)
FN:19,(anonymous_2)
FN:34,(anonymous_3)
FN:35,(anonymous_4)
FNF:5
FNH:1
FNDA:1,(anonymous_0)
FNDA:0,(anonymous_1)
FNDA:0,(anonymous_2)
FNDA:0,(anonymous_3)
FNDA:0,(anonymous_4)
DA:5,2
DA:6,1
DA:7,1
DA:12,0
DA:19,0
DA:28,2
DA:33,2
DA:34,0
DA:35,0
LF:9
LH:5
BRF:0
BRH:0
end_of_record
TN:
SF:/Users/GQSM/Documents/Code/TodoList-With-React/src/component/Task/Footer/index.js
FNF:0
FNH:0
LF:0
LH:0
BRF:0
BRH:0
end_of_record
TN:
SF:/Users/GQSM/Documents/Code/TodoList-With-React/src/component/Task/Header/Header.js
FN:5,(anonymous_0)
FN:14,(anonymous_1)
FN:25,(anonymous_2)
FN:29,(anonymous_3)
FN:52,(anonymous_4)
FN:63,(anonymous_5)
FN:67,(anonymous_6)
FN:118,(anonymous_7)
FN:119,(anonymous_8)
FNF:9
FNH:2
FNDA:19,(anonymous_0)
FNDA:19,(anonymous_1)
FNDA:0,(anonymous_2)
FNDA:0,(anonymous_3)
FNDA:0,(anonymous_4)
FNDA:0,(anonymous_5)
FNDA:0,(anonymous_6)
FNDA:0,(anonymous_7)
FNDA:0,(anonymous_8)
DA:5,2
DA:12,19
DA:14,19
DA:15,19
DA:16,19
DA:17,19
DA:18,19
DA:20,19
DA:26,0
DA:27,0
DA:29,0
DA:53,0
DA:64,0
DA:65,0
DA:67,0
DA:84,2
DA:103,2
DA:118,0
DA:119,0
LF:19
LH:10
BRDA:16,0,0,6
BRDA:16,0,1,13
BRDA:17,1,0,6
BRDA:17,1,1,13
BRDA:21,2,0,6
BRDA:21,2,1,13
BRDA:22,3,0,18
BRDA:22,3,1,1
BRDA:32,4,0,6
BRDA:32,4,1,13
BRDA:38,5,0,18
BRDA:38,5,1,1
BRDA:70,6,0,6
BRDA:70,6,1,13
BRDA:71,7,0,6
BRDA:71,7,1,0
BRDA:76,8,0,18
BRDA:76,8,1,1
BRDA:79,9,0,19
BRDA:79,9,1,0
BRF:20
BRH:18
end_of_record
TN:
SF:/Users/GQSM/Documents/Code/TodoList-With-React/src/component/Task/Header/index.js
FNF:0
FNH:0
LF:0
LH:0
BRF:0
BRH:0
end_of_record
TN:
SF:/Users/GQSM/Documents/Code/TodoList-With-React/src/component/Todolist/Todolist.js
FN:8,(anonymous_0)
FN:17,(anonymous_1)
FNF:2
FNH:1
FNDA:18,(anonymous_0)
FNDA:0,(anonymous_1)
DA:8,1
DA:9,18
DA:10,18
DA:17,0
DA:31,1
DA:46,1
LF:6
LH:5
BRDA:12,0,0,0
BRDA:12,0,1,18
BRF:2
BRH:1
end_of_record
TN:
SF:/Users/GQSM/Documents/Code/TodoList-With-React/src/component/Todolist/index.js
FNF:0
FNH:0
LF:0
LH:0
BRF:0
BRH:0
end_of_record
TN:
SF:/Users/GQSM/Documents/Code/TodoList-With-React/src/component/Todolist/List/List.js
FN:6,(anonymous_0)
FN:8,(anonymous_1)
FN:10,(anonymous_2)
FN:40,(anonymous_3)
FN:41,(anonymous_4)
FNF:5
FNH:3
FNDA:18,(anonymous_0)
FNDA:18,(anonymous_1)
FNDA:54,(anonymous_2)
FNDA:0,(anonymous_3)
FNDA:0,(anonymous_4)
DA:6,1
DA:7,18
DA:8,18
DA:9,18
DA:10,18
DA:11,54
DA:13,18
DA:22,18
DA:24,18
DA:26,0
DA:29,18
DA:38,18
DA:40,0
DA:61,1
DA:75,1
LF:15
LH:13
BRDA:11,0,0,18
BRDA:11,0,1,18
BRDA:11,0,2,18
BRDA:11,0,3,0
BRDA:31,1,0,0
BRDA:31,1,1,18
BRDA:32,2,0,0
BRDA:32,2,1,18
BRDA:33,3,0,0
BRDA:33,3,1,18
BRF:10
BRH:6
end_of_record
TN:
SF:/Users/GQSM/Documents/Code/TodoList-With-React/src/component/Todolist/List/index.js
FNF:0
FNH:0
LF:0
LH:0
BRF:0
BRH:0
end_of_record
TN:
SF:/Users/GQSM/Documents/Code/TodoList-With-React/src/reducer/todolist.js
FN:24,(anonymous_0)
FN:32,(anonymous_1)
FN:57,(anonymous_2)
FN:69,(anonymous_3)
FNF:4
FNH:4
FNDA:13,(anonymous_0)
FNDA:2,(anonymous_1)
FNDA:1,(anonymous_2)
FNDA:6,(anonymous_3)
DA:8,1
DA:24,1
DA:25,13
DA:27,3
DA:32,2
DA:33,2
DA:34,2
DA:35,1
DA:36,1
DA:39,2
DA:42,2
DA:44,2
DA:46,2
DA:51,2
DA:57,1
DA:58,1
DA:60,1
DA:62,1
DA:63,1
DA:69,6
DA:70,6
DA:72,6
DA:74,6
DA:75,6
DA:76,6
DA:82,1
LF:26
LH:26
BRDA:24,0,0,1
BRDA:25,1,0,3
BRDA:25,1,1,2
BRDA:25,1,2,1
BRDA:25,1,3,6
BRDA:25,1,4,1
BRDA:35,2,0,1
BRDA:35,2,1,0
BRF:8
BRH:7
end_of_record
